Using pre-set license
Built from '2020.3/staging' branch; Version is '2020.3.23f1 (c5d91304a876) revision 12966163'; Using compiler version '192528614'; Build Type 'Release'
OS: 'Windows 10 Pro; OS build 22000.434; Version 2009; 64bit' Language: 'ru' Physical Memory: 16317 MB
BatchMode: 1, IsHumanControllingUs: 0, StartBugReporterOnCrash: 0, Is64bit: 1, IsPro: 0

COMMAND LINE ARGUMENTS:
B:\Program Files\2020.3.23f1\Editor\Unity.exe
-adb2
-batchMode
-noUpm
-name
AssetImportWorker0
-projectPath
E:/GitHub/Particle-System-Practice/ParticleEffects
-logFile
Logs/AssetImportWorker0.log
-srvPort
54006
Successfully changed project path to: E:/GitHub/Particle-System-Practice/ParticleEffects
E:/GitHub/Particle-System-Practice/ParticleEffects
Using Asset Import Pipeline V2.
Refreshing native plugins compatible for Editor in 25.44 ms, found 2 plugins.
Preloading 0 native plugins for Editor in 0.00 ms.
Initialize engine version: 2020.3.23f1 (c5d91304a876)
[Subsystems] Discovering subsystems at path B:/Program Files/2020.3.23f1/Editor/Data/Resources/UnitySubsystems
[Subsystems] Discovering subsystems at path E:/GitHub/Particle-System-Practice/ParticleEffects/Assets
GfxDevice: creating device client; threaded=0
Direct3D:
    Version:  Direct3D 11.0 [level 11.1]
    Renderer: NVIDIA GeForce RTX 2070 SUPER (ID=0x1e84)
    Vendor:   
    VRAM:     8011 MB
    Driver:   30.0.14.7212
Initialize mono
Mono path[0] = 'B:/Program Files/2020.3.23f1/Editor/Data/Managed'
Mono path[1] = 'B:/Program Files/2020.3.23f1/Editor/Data/MonoBleedingEdge/lib/mono/unityjit'
Mono config path = 'B:/Program Files/2020.3.23f1/Editor/Data/MonoBleedingEdge/etc'
Using monoOptions --debugger-agent=transport=dt_socket,embedding=1,server=y,suspend=n,address=127.0.0.1:56756
Begin MonoManager ReloadAssembly
Registering precompiled unity dll's ...
Register platform support module: B:/Program Files/2020.3.23f1/Editor/Data/PlaybackEngines/WebGLSupport/UnityEditor.WebGL.Extensions.dll
Register platform support module: B:/Program Files/2020.3.23f1/Editor/Data/PlaybackEngines/WindowsStandaloneSupport/UnityEditor.WindowsStandalone.Extensions.dll
Registered in 0.000877 seconds.
Native extension for WindowsStandalone target not found
Native extension for WebGL target not found
Refreshing native plugins compatible for Editor in 24.78 ms, found 2 plugins.
Preloading 0 native plugins for Editor in 0.00 ms.
Mono: successfully reloaded assembly
- Completed reload, in  0.468 seconds
Domain Reload Profiling:
	ReloadAssembly (468ms)
		BeginReloadAssembly (40ms)
			ExecutionOrderSort (0ms)
			DisableScriptedObjects (0ms)
			BackupInstance (0ms)
			ReleaseScriptingObjects (0ms)
			CreateAndSetChildDomain (1ms)
		EndReloadAssembly (369ms)
			LoadAssemblies (39ms)
			RebuildTransferFunctionScriptingTraits (0ms)
			SetupTypeCache (128ms)
			ReleaseScriptCaches (0ms)
			RebuildScriptCaches (27ms)
			SetupLoadedEditorAssemblies (133ms)
				LogAssemblyErrors (0ms)
				InitializePlatformSupportModulesInManaged (4ms)
				SetLoadedEditorAssemblies (0ms)
				RefreshPlugins (25ms)
				BeforeProcessingInitializeOnLoad (11ms)
				ProcessInitializeOnLoadAttributes (70ms)
				ProcessInitializeOnLoadMethodAttributes (23ms)
				AfterProcessingInitializeOnLoad (0ms)
				EditorAssembliesLoaded (0ms)
			ExecutionOrderSort2 (0ms)
			AwakeInstancesAfterBackupRestoration (0ms)
Platform modules already initialized, skipping
Registering precompiled user dll's ...
Registered in 0.002211 seconds.
Begin MonoManager ReloadAssembly
Native extension for WindowsStandalone target not found
Native extension for WebGL target not found
Refreshing native plugins compatible for Editor in 0.29 ms, found 2 plugins.
Preloading 0 native plugins for Editor in 0.00 ms.
Mono: successfully reloaded assembly
- Completed reload, in  0.838 seconds
Domain Reload Profiling:
	ReloadAssembly (839ms)
		BeginReloadAssembly (116ms)
			ExecutionOrderSort (0ms)
			DisableScriptedObjects (4ms)
			BackupInstance (0ms)
			ReleaseScriptingObjects (0ms)
			CreateAndSetChildDomain (16ms)
		EndReloadAssembly (675ms)
			LoadAssemblies (66ms)
			RebuildTransferFunctionScriptingTraits (0ms)
			SetupTypeCache (244ms)
			ReleaseScriptCaches (0ms)
			RebuildScriptCaches (35ms)
			SetupLoadedEditorAssemblies (254ms)
				LogAssemblyErrors (0ms)
				InitializePlatformSupportModulesInManaged (4ms)
				SetLoadedEditorAssemblies (0ms)
				RefreshPlugins (0ms)
				BeforeProcessingInitializeOnLoad (76ms)
				ProcessInitializeOnLoadAttributes (164ms)
				ProcessInitializeOnLoadMethodAttributes (7ms)
				AfterProcessingInitializeOnLoad (1ms)
				EditorAssembliesLoaded (0ms)
			ExecutionOrderSort2 (0ms)
			AwakeInstancesAfterBackupRestoration (5ms)
Platform modules already initialized, skipping
========================================================================
Worker process is ready to serve import requests
Launched and connected shader compiler UnityShaderCompiler.exe after 0.06 seconds
Refreshing native plugins compatible for Editor in 0.87 ms, found 2 plugins.
Preloading 0 native plugins for Editor in 0.00 ms.
Unloading 1498 Unused Serialized files (Serialized files now loaded: 0)
System memory in use before: 80.4 MB.
System memory in use after: 80.5 MB.

Unloading 19 unused Assets to reduce memory usage. Loaded Objects now: 1952.
Total: 2.464000 ms (FindLiveObjects: 0.197900 ms CreateObjectMapping: 0.041800 ms MarkObjects: 2.162400 ms  DeleteObjects: 0.061200 ms)

AssetImportParameters requested are different than current active one (requested -> active):
  custom:framework-win-MediaFoundation: 216162199b28c13a410421893ffa2e32 -> 
  custom:video-decoder-ogg-theora: a1e56fd34408186e4bbccfd4996cb3dc -> 
  custom:container-muxer-webm: aa71ff27fc2769a1b78a27578f13a17b -> 
  custom:container-demuxer-webm: 4f35f7cbe854078d1ac9338744f61a02 -> 
  custom:container-demuxer-ogg: 62fdf1f143b41e24485cea50d1cbac27 -> 
  custom:video-encoder-webm-vp8: eb34c28f22e8b96e1ab97ce403110664 -> 
  custom:video-decoder-webm-vp8: 9c59270c3fd7afecdb556c50c9e8de78 -> 
  custom:audio-decoder-ogg-vorbis: bf7c407c2cedff20999df2af8eb42d56 -> 
  custom:audio-encoder-webm-vorbis: bf7c407c2cedff20999df2af8eb42d56 -> 
========================================================================
Received Import Request.
  path: Assets/Scenes/New Scene.unity
  artifactKey: Guid(357f1a05a49aa3f46b2a79eed0d2b772) Importer(815301076,1909f56bfc062723c751e8b465ee728b)
Start importing Assets/Scenes/New Scene.unity using Guid(357f1a05a49aa3f46b2a79eed0d2b772) Importer(815301076,1909f56bfc062723c751e8b465ee728b)  -> (artifact id: '8901437f6612f821b294c8e8257379c0') in 0.017927 seconds 
  Import took 0.020296 seconds .

========================================================================
Received Import Request.
  Time since last request: 8.512947 seconds.
  path: Assets/Scenes/Firefly.unity
  artifactKey: Guid(357f1a05a49aa3f46b2a79eed0d2b772) Importer(815301076,1909f56bfc062723c751e8b465ee728b)
Start importing Assets/Scenes/Firefly.unity using Guid(357f1a05a49aa3f46b2a79eed0d2b772) Importer(815301076,1909f56bfc062723c751e8b465ee728b)  -> (artifact id: 'e4c924a3f78bb862eaa834434549f179') in 0.008420 seconds 
  Import took 0.010805 seconds .

========================================================================
Received Import Request.
  Time since last request: 1858.251650 seconds.
  path: Assets/Textures/Firefly.png
  artifactKey: Guid(745ee400095bb1d4da90eeffea3dc159) Importer(815301076,1909f56bfc062723c751e8b465ee728b)
Start importing Assets/Textures/Firefly.png using Guid(745ee400095bb1d4da90eeffea3dc159) Importer(815301076,1909f56bfc062723c751e8b465ee728b)  -> (artifact id: 'd7ea92667e7d4473639cad2d00d09312') in 0.086507 seconds 
  Import took 0.105881 seconds .

========================================================================
Received Import Request.
  Time since last request: 3.650235 seconds.
  path: Assets/Textures/Firefly.png
  artifactKey: Guid(745ee400095bb1d4da90eeffea3dc159) Importer(815301076,1909f56bfc062723c751e8b465ee728b)
Start importing Assets/Textures/Firefly.png using Guid(745ee400095bb1d4da90eeffea3dc159) Importer(815301076,1909f56bfc062723c751e8b465ee728b)  -> (artifact id: '50af991f33ae456c3e67f9990e6c47d2') in 0.056904 seconds 
  Import took 0.058999 seconds .

========================================================================
Received Import Request.
  Time since last request: 269.968254 seconds.
  path: Assets/Scenes/Web.unity
  artifactKey: Guid(ae4050a73d7f7524dbceb17165ff67a8) Importer(815301076,1909f56bfc062723c751e8b465ee728b)
Start importing Assets/Scenes/Web.unity using Guid(ae4050a73d7f7524dbceb17165ff67a8) Importer(815301076,1909f56bfc062723c751e8b465ee728b)  -> (artifact id: '14b5f7fa26e80e55f4fd2a184b1f456a') in 0.008526 seconds 
  Import took 0.010914 seconds .

========================================================================
Received Import Request.
  Time since last request: 253.108371 seconds.
  path: Assets/Materials/Firefly.mat
  artifactKey: Guid(84d7b9a868b3f1f448a1fd4395776ad1) Importer(815301076,1909f56bfc062723c751e8b465ee728b)
Start importing Assets/Materials/Firefly.mat using Guid(84d7b9a868b3f1f448a1fd4395776ad1) Importer(815301076,1909f56bfc062723c751e8b465ee728b)  -> (artifact id: '73095a400f4d590ddfade52e3a4df4fd') in 0.052869 seconds 
  Import took 0.055383 seconds .

========================================================================
Received Import Request.
  Time since last request: 0.000260 seconds.
  path: Assets/Materials/FireflyTrail.mat
  artifactKey: Guid(c8955fc527046884d86c52392b2e03aa) Importer(815301076,1909f56bfc062723c751e8b465ee728b)
Start importing Assets/Materials/FireflyTrail.mat using Guid(c8955fc527046884d86c52392b2e03aa) Importer(815301076,1909f56bfc062723c751e8b465ee728b)  -> (artifact id: '60d13b238e1156838cdc657f2b2b6ace') in 0.012017 seconds 
  Import took 0.014145 seconds .

========================================================================
Received Import Request.
  Time since last request: 649.786339 seconds.
  path: Assets/Scenes/Sword.unity
  artifactKey: Guid(949abc504da17fc489640625fe1b601a) Importer(815301076,1909f56bfc062723c751e8b465ee728b)
Start importing Assets/Scenes/Sword.unity using Guid(949abc504da17fc489640625fe1b601a) Importer(815301076,1909f56bfc062723c751e8b465ee728b)  -> (artifact id: 'ef5f2d22cd4d800d987f6b8670e1d5fa') in 0.009576 seconds 
  Import took 0.012905 seconds .

========================================================================
Received Import Request.
  Time since last request: 190.419829 seconds.
  path: Assets/Realistic Swords
  artifactKey: Guid(c7d954bdfa2e3b8468694258283c9848) Importer(815301076,1909f56bfc062723c751e8b465ee728b)
Start importing Assets/Realistic Swords using Guid(c7d954bdfa2e3b8468694258283c9848) Importer(815301076,1909f56bfc062723c751e8b465ee728b)  -> (artifact id: 'e507402340aa654d8f38e4887d24779b') in 0.007404 seconds 
  Import took 0.009472 seconds .

========================================================================
Received Import Request.
  Time since last request: 88.291787 seconds.
  path: Assets/Realistic Swords/BaphometSword/baphomet-sword.fbx
  artifactKey: Guid(9742ac44af730384abe0349e264451f0) Importer(815301076,1909f56bfc062723c751e8b465ee728b)
Start importing Assets/Realistic Swords/BaphometSword/baphomet-sword.fbx using Guid(9742ac44af730384abe0349e264451f0) Importer(815301076,1909f56bfc062723c751e8b465ee728b)  -> (artifact id: 'a6aa45cb3ff9115febbe956ebbcef5d0') in 0.062065 seconds 
  Import took 0.064318 seconds .

========================================================================
Received Import Request.
  Time since last request: 4.100178 seconds.
  path: Assets/Realistic Swords/BaphometSword/Prefab/baphomet-sword.prefab
  artifactKey: Guid(0f2702f8e87ccdb42b67a6a76d7040df) Importer(815301076,1909f56bfc062723c751e8b465ee728b)
Start importing Assets/Realistic Swords/BaphometSword/Prefab/baphomet-sword.prefab using Guid(0f2702f8e87ccdb42b67a6a76d7040df) Importer(815301076,1909f56bfc062723c751e8b465ee728b)  -> (artifact id: '3f2b89c5461ca6f279a3949acc1512b1') in 0.051453 seconds 
  Import took 0.053699 seconds .

========================================================================
Received Import Request.
  Time since last request: 250.870997 seconds.
  path: Assets/Realistic Swords/BaphometSword/Materials/baphomet-sword-Albedo-1.mat
  artifactKey: Guid(42ed32b463d7fa44695cc2da6c900268) Importer(815301076,1909f56bfc062723c751e8b465ee728b)
Start importing Assets/Realistic Swords/BaphometSword/Materials/baphomet-sword-Albedo-1.mat using Guid(42ed32b463d7fa44695cc2da6c900268) Importer(815301076,1909f56bfc062723c751e8b465ee728b)  -> (artifact id: 'e25489763f5ca0d01ed88b7c858b56b1') in 0.015406 seconds 
  Import took 0.018219 seconds .

========================================================================
Received Import Request.
  Time since last request: 0.000197 seconds.
  path: Assets/Realistic Swords/BaphometSword/Materials/BS-3_mat.mat
  artifactKey: Guid(f712527504c654d49957eba701ad211f) Importer(815301076,1909f56bfc062723c751e8b465ee728b)
Start importing Assets/Realistic Swords/BaphometSword/Materials/BS-3_mat.mat using Guid(f712527504c654d49957eba701ad211f) Importer(815301076,1909f56bfc062723c751e8b465ee728b)  -> (artifact id: 'd2865936c25eda4504a79fdb7d6ce084') in 0.038620 seconds 
  Import took 0.041600 seconds .

========================================================================
Received Import Request.
  Time since last request: 0.000174 seconds.
  path: Assets/Realistic Swords/BaphometSword/Materials/BS-2_mat.mat
  artifactKey: Guid(a6b37170ff22cc94285e105bd81c459e) Importer(815301076,1909f56bfc062723c751e8b465ee728b)
Start importing Assets/Realistic Swords/BaphometSword/Materials/BS-2_mat.mat using Guid(a6b37170ff22cc94285e105bd81c459e) Importer(815301076,1909f56bfc062723c751e8b465ee728b)  -> (artifact id: '8285a18cb611ac81d5d5e847cad84ba3') in 0.033501 seconds 
  Import took 0.036566 seconds .

========================================================================
Received Import Request.
  Time since last request: 0.000236 seconds.
  path: Assets/Realistic Swords/BaphometSword/Materials/BS-1_mat.mat
  artifactKey: Guid(ce1a8495916093a48ab2716768711326) Importer(815301076,1909f56bfc062723c751e8b465ee728b)
Start importing Assets/Realistic Swords/BaphometSword/Materials/BS-1_mat.mat using Guid(ce1a8495916093a48ab2716768711326) Importer(815301076,1909f56bfc062723c751e8b465ee728b)  -> (artifact id: '4b9648860a22ce9044f884b984fd30d7') in 0.014784 seconds 
  Import took 0.017391 seconds .

========================================================================
Received Import Request.
  Time since last request: 354.699513 seconds.
  path: Assets/Realistic Swords/Sword.anim
  artifactKey: Guid(ec7d639ba35c66d479caf3d4881eca9c) Importer(815301076,1909f56bfc062723c751e8b465ee728b)
Start importing Assets/Realistic Swords/Sword.anim using Guid(ec7d639ba35c66d479caf3d4881eca9c) Importer(815301076,1909f56bfc062723c751e8b465ee728b)  -> (artifact id: '6ab3759afafc1d2f0e965fac625247d5') in 0.012377 seconds 
  Import took 0.015797 seconds .

========================================================================
Received Import Request.
  Time since last request: 174.537423 seconds.
  path: Assets/Realistic Swords/baphomet-sword.controller
  artifactKey: Guid(d225f35a27bfc054ca02e5f04b8f1aa1) Importer(815301076,1909f56bfc062723c751e8b465ee728b)
Start importing Assets/Realistic Swords/baphomet-sword.controller using Guid(d225f35a27bfc054ca02e5f04b8f1aa1) Importer(815301076,1909f56bfc062723c751e8b465ee728b)  -> (artifact id: 'd5ddb944e671268e68388d74b0a28871') in 0.006133 seconds 
  Import took 0.009158 seconds .

========================================================================
Received Import Request.
  Time since last request: 23.379735 seconds.
  path: Assets/Realistic Swords/SwordMove.anim
  artifactKey: Guid(ee68bbbba994e0843a76ddf2c20455fa) Importer(815301076,1909f56bfc062723c751e8b465ee728b)
Start importing Assets/Realistic Swords/SwordMove.anim using Guid(ee68bbbba994e0843a76ddf2c20455fa) Importer(815301076,1909f56bfc062723c751e8b465ee728b)  -> (artifact id: '18219e01fc91e822a904949d07b8769d') in 0.007653 seconds 
  Import took 0.009793 seconds .

========================================================================
Received Prepare
Registering precompiled user dll's ...
Registered in 0.003319 seconds.
Begin MonoManager ReloadAssembly
Native extension for WindowsStandalone target not found
Native extension for WebGL target not found
Refreshing native plugins compatible for Editor in 0.29 ms, found 2 plugins.
Preloading 0 native plugins for Editor in 0.00 ms.
Mono: successfully reloaded assembly
- Completed reload, in  0.873 seconds
Domain Reload Profiling:
	ReloadAssembly (874ms)
		BeginReloadAssembly (133ms)
			ExecutionOrderSort (0ms)
			DisableScriptedObjects (5ms)
			BackupInstance (0ms)
			ReleaseScriptingObjects (0ms)
			CreateAndSetChildDomain (58ms)
		EndReloadAssembly (688ms)
			LoadAssemblies (71ms)
			RebuildTransferFunctionScriptingTraits (0ms)
			SetupTypeCache (240ms)
			ReleaseScriptCaches (1ms)
			RebuildScriptCaches (35ms)
			SetupLoadedEditorAssemblies (234ms)
				LogAssemblyErrors (0ms)
				InitializePlatformSupportModulesInManaged (5ms)
				SetLoadedEditorAssemblies (1ms)
				RefreshPlugins (0ms)
				BeforeProcessingInitializeOnLoad (68ms)
				ProcessInitializeOnLoadAttributes (152ms)
				ProcessInitializeOnLoadMethodAttributes (7ms)
				AfterProcessingInitializeOnLoad (2ms)
				EditorAssembliesLoaded (0ms)
			ExecutionOrderSort2 (0ms)
			AwakeInstancesAfterBackupRestoration (6ms)
Platform modules already initialized, skipping
Refreshing native plugins compatible for Editor in 0.48 ms, found 2 plugins.
Preloading 0 native plugins for Editor in 0.00 ms.
Unloading 1492 Unused Serialized files (Serialized files now loaded: 0)
System memory in use before: 83.8 MB.
System memory in use after: 83.9 MB.

Unloading 14 unused Assets to reduce memory usage. Loaded Objects now: 2000.
Total: 2.499100 ms (FindLiveObjects: 0.153900 ms CreateObjectMapping: 0.036800 ms MarkObjects: 2.292600 ms  DeleteObjects: 0.015000 ms)

AssetImportParameters requested are different than current active one (requested -> active):
  custom:framework-win-MediaFoundation: 216162199b28c13a410421893ffa2e32 -> 
  custom:video-decoder-ogg-theora: a1e56fd34408186e4bbccfd4996cb3dc -> 
  custom:container-muxer-webm: aa71ff27fc2769a1b78a27578f13a17b -> 
  custom:container-demuxer-webm: 4f35f7cbe854078d1ac9338744f61a02 -> 
  custom:container-demuxer-ogg: 62fdf1f143b41e24485cea50d1cbac27 -> 
  custom:video-encoder-webm-vp8: eb34c28f22e8b96e1ab97ce403110664 -> 
  custom:video-decoder-webm-vp8: 9c59270c3fd7afecdb556c50c9e8de78 -> 
  custom:audio-decoder-ogg-vorbis: bf7c407c2cedff20999df2af8eb42d56 -> 
  custom:audio-encoder-webm-vorbis: bf7c407c2cedff20999df2af8eb42d56 -> 
========================================================================
Received Prepare
Registering precompiled user dll's ...
Registered in 0.002533 seconds.
Begin MonoManager ReloadAssembly
Native extension for WindowsStandalone target not found
Native extension for WebGL target not found
Refreshing native plugins compatible for Editor in 0.30 ms, found 2 plugins.
Preloading 0 native plugins for Editor in 0.00 ms.
Mono: successfully reloaded assembly
- Completed reload, in  0.881 seconds
Domain Reload Profiling:
	ReloadAssembly (881ms)
		BeginReloadAssembly (89ms)
			ExecutionOrderSort (0ms)
			DisableScriptedObjects (4ms)
			BackupInstance (0ms)
			ReleaseScriptingObjects (0ms)
			CreateAndSetChildDomain (26ms)
		EndReloadAssembly (744ms)
			LoadAssemblies (69ms)
			RebuildTransferFunctionScriptingTraits (0ms)
			SetupTypeCache (226ms)
			ReleaseScriptCaches (1ms)
			RebuildScriptCaches (31ms)
			SetupLoadedEditorAssemblies (228ms)
				LogAssemblyErrors (0ms)
				InitializePlatformSupportModulesInManaged (4ms)
				SetLoadedEditorAssemblies (0ms)
				RefreshPlugins (0ms)
				BeforeProcessingInitializeOnLoad (69ms)
				ProcessInitializeOnLoadAttributes (146ms)
				ProcessInitializeOnLoadMethodAttributes (7ms)
				AfterProcessingInitializeOnLoad (1ms)
				EditorAssembliesLoaded (0ms)
			ExecutionOrderSort2 (0ms)
			AwakeInstancesAfterBackupRestoration (7ms)
Platform modules already initialized, skipping
Refreshing native plugins compatible for Editor in 0.31 ms, found 2 plugins.
Preloading 0 native plugins for Editor in 0.00 ms.
Unloading 1492 Unused Serialized files (Serialized files now loaded: 0)
System memory in use before: 83.8 MB.
System memory in use after: 83.9 MB.

Unloading 14 unused Assets to reduce memory usage. Loaded Objects now: 2002.
Total: 2.691100 ms (FindLiveObjects: 0.147500 ms CreateObjectMapping: 0.117200 ms MarkObjects: 2.412600 ms  DeleteObjects: 0.013100 ms)

AssetImportParameters requested are different than current active one (requested -> active):
  custom:framework-win-MediaFoundation: 216162199b28c13a410421893ffa2e32 -> 
  custom:video-decoder-ogg-theora: a1e56fd34408186e4bbccfd4996cb3dc -> 
  custom:container-muxer-webm: aa71ff27fc2769a1b78a27578f13a17b -> 
  custom:container-demuxer-webm: 4f35f7cbe854078d1ac9338744f61a02 -> 
  custom:container-demuxer-ogg: 62fdf1f143b41e24485cea50d1cbac27 -> 
  custom:video-encoder-webm-vp8: eb34c28f22e8b96e1ab97ce403110664 -> 
  custom:video-decoder-webm-vp8: 9c59270c3fd7afecdb556c50c9e8de78 -> 
  custom:audio-decoder-ogg-vorbis: bf7c407c2cedff20999df2af8eb42d56 -> 
  custom:audio-encoder-webm-vorbis: bf7c407c2cedff20999df2af8eb42d56 -> 
========================================================================
Received Prepare
Registering precompiled user dll's ...
Registered in 0.003124 seconds.
Begin MonoManager ReloadAssembly
Native extension for WindowsStandalone target not found
Native extension for WebGL target not found
Refreshing native plugins compatible for Editor in 0.29 ms, found 2 plugins.
Preloading 0 native plugins for Editor in 0.00 ms.
Mono: successfully reloaded assembly
- Completed reload, in  0.798 seconds
Domain Reload Profiling:
	ReloadAssembly (799ms)
		BeginReloadAssembly (87ms)
			ExecutionOrderSort (0ms)
			DisableScriptedObjects (4ms)
			BackupInstance (0ms)
			ReleaseScriptingObjects (0ms)
			CreateAndSetChildDomain (27ms)
		EndReloadAssembly (663ms)
			LoadAssemblies (66ms)
			RebuildTransferFunctionScriptingTraits (0ms)
			SetupTypeCache (232ms)
			ReleaseScriptCaches (1ms)
			RebuildScriptCaches (42ms)
			SetupLoadedEditorAssemblies (231ms)
				LogAssemblyErrors (0ms)
				InitializePlatformSupportModulesInManaged (5ms)
				SetLoadedEditorAssemblies (0ms)
				RefreshPlugins (0ms)
				BeforeProcessingInitializeOnLoad (71ms)
				ProcessInitializeOnLoadAttributes (146ms)
				ProcessInitializeOnLoadMethodAttributes (7ms)
				AfterProcessingInitializeOnLoad (1ms)
				EditorAssembliesLoaded (0ms)
			ExecutionOrderSort2 (0ms)
			AwakeInstancesAfterBackupRestoration (5ms)
Platform modules already initialized, skipping
Refreshing native plugins compatible for Editor in 0.31 ms, found 2 plugins.
Preloading 0 native plugins for Editor in 0.00 ms.
Unloading 1492 Unused Serialized files (Serialized files now loaded: 0)
System memory in use before: 83.8 MB.
System memory in use after: 83.9 MB.

Unloading 14 unused Assets to reduce memory usage. Loaded Objects now: 2004.
Total: 2.513600 ms (FindLiveObjects: 0.152000 ms CreateObjectMapping: 0.039700 ms MarkObjects: 2.307100 ms  DeleteObjects: 0.014200 ms)

AssetImportParameters requested are different than current active one (requested -> active):
  custom:framework-win-MediaFoundation: 216162199b28c13a410421893ffa2e32 -> 
  custom:video-decoder-ogg-theora: a1e56fd34408186e4bbccfd4996cb3dc -> 
  custom:container-muxer-webm: aa71ff27fc2769a1b78a27578f13a17b -> 
  custom:container-demuxer-webm: 4f35f7cbe854078d1ac9338744f61a02 -> 
  custom:container-demuxer-ogg: 62fdf1f143b41e24485cea50d1cbac27 -> 
  custom:video-encoder-webm-vp8: eb34c28f22e8b96e1ab97ce403110664 -> 
  custom:video-decoder-webm-vp8: 9c59270c3fd7afecdb556c50c9e8de78 -> 
  custom:audio-decoder-ogg-vorbis: bf7c407c2cedff20999df2af8eb42d56 -> 
  custom:audio-encoder-webm-vorbis: bf7c407c2cedff20999df2af8eb42d56 -> 
========================================================================
Received Prepare
Registering precompiled user dll's ...
Registered in 0.002222 seconds.
Begin MonoManager ReloadAssembly
Native extension for WindowsStandalone target not found
Native extension for WebGL target not found
Refreshing native plugins compatible for Editor in 0.29 ms, found 2 plugins.
Preloading 0 native plugins for Editor in 0.00 ms.
Mono: successfully reloaded assembly
- Completed reload, in  0.791 seconds
Domain Reload Profiling:
	ReloadAssembly (792ms)
		BeginReloadAssembly (97ms)
			ExecutionOrderSort (0ms)
			DisableScriptedObjects (4ms)
			BackupInstance (0ms)
			ReleaseScriptingObjects (0ms)
			CreateAndSetChildDomain (30ms)
		EndReloadAssembly (645ms)
			LoadAssemblies (67ms)
			RebuildTransferFunctionScriptingTraits (0ms)
			SetupTypeCache (241ms)
			ReleaseScriptCaches (1ms)
			RebuildScriptCaches (32ms)
			SetupLoadedEditorAssemblies (225ms)
				LogAssemblyErrors (0ms)
				InitializePlatformSupportModulesInManaged (4ms)
				SetLoadedEditorAssemblies (0ms)
				RefreshPlugins (0ms)
				BeforeProcessingInitializeOnLoad (67ms)
				ProcessInitializeOnLoadAttributes (145ms)
				ProcessInitializeOnLoadMethodAttributes (6ms)
				AfterProcessingInitializeOnLoad (2ms)
				EditorAssembliesLoaded (0ms)
			ExecutionOrderSort2 (0ms)
			AwakeInstancesAfterBackupRestoration (6ms)
Platform modules already initialized, skipping
Refreshing native plugins compatible for Editor in 0.30 ms, found 2 plugins.
Preloading 0 native plugins for Editor in 0.00 ms.
Unloading 1492 Unused Serialized files (Serialized files now loaded: 0)
System memory in use before: 83.9 MB.
System memory in use after: 84.0 MB.

Unloading 14 unused Assets to reduce memory usage. Loaded Objects now: 2006.
Total: 2.803300 ms (FindLiveObjects: 0.181700 ms CreateObjectMapping: 0.050600 ms MarkObjects: 2.554900 ms  DeleteObjects: 0.015300 ms)

AssetImportParameters requested are different than current active one (requested -> active):
  custom:framework-win-MediaFoundation: 216162199b28c13a410421893ffa2e32 -> 
  custom:video-decoder-ogg-theora: a1e56fd34408186e4bbccfd4996cb3dc -> 
  custom:container-muxer-webm: aa71ff27fc2769a1b78a27578f13a17b -> 
  custom:container-demuxer-webm: 4f35f7cbe854078d1ac9338744f61a02 -> 
  custom:container-demuxer-ogg: 62fdf1f143b41e24485cea50d1cbac27 -> 
  custom:video-encoder-webm-vp8: eb34c28f22e8b96e1ab97ce403110664 -> 
  custom:video-decoder-webm-vp8: 9c59270c3fd7afecdb556c50c9e8de78 -> 
  custom:audio-decoder-ogg-vorbis: bf7c407c2cedff20999df2af8eb42d56 -> 
  custom:audio-encoder-webm-vorbis: bf7c407c2cedff20999df2af8eb42d56 -> 
========================================================================
Received Prepare
Registering precompiled user dll's ...
Registered in 0.002218 seconds.
Begin MonoManager ReloadAssembly
Native extension for WindowsStandalone target not found
Native extension for WebGL target not found
Refreshing native plugins compatible for Editor in 0.50 ms, found 2 plugins.
Preloading 0 native plugins for Editor in 0.00 ms.
Mono: successfully reloaded assembly
- Completed reload, in  0.929 seconds
Domain Reload Profiling:
	ReloadAssembly (929ms)
		BeginReloadAssembly (109ms)
			ExecutionOrderSort (0ms)
			DisableScriptedObjects (5ms)
			BackupInstance (0ms)
			ReleaseScriptingObjects (0ms)
			CreateAndSetChildDomain (34ms)
		EndReloadAssembly (768ms)
			LoadAssemblies (76ms)
			RebuildTransferFunctionScriptingTraits (0ms)
			SetupTypeCache (276ms)
			ReleaseScriptCaches (1ms)
			RebuildScriptCaches (38ms)
			SetupLoadedEditorAssemblies (278ms)
				LogAssemblyErrors (0ms)
				InitializePlatformSupportModulesInManaged (6ms)
				SetLoadedEditorAssemblies (1ms)
				RefreshPlugins (1ms)
				BeforeProcessingInitializeOnLoad (80ms)
				ProcessInitializeOnLoadAttributes (181ms)
				ProcessInitializeOnLoadMethodAttributes (8ms)
				AfterProcessingInitializeOnLoad (2ms)
				EditorAssembliesLoaded (0ms)
			ExecutionOrderSort2 (0ms)
			AwakeInstancesAfterBackupRestoration (7ms)
Platform modules already initialized, skipping
Refreshing native plugins compatible for Editor in 0.42 ms, found 2 plugins.
Preloading 0 native plugins for Editor in 0.00 ms.
Unloading 1492 Unused Serialized files (Serialized files now loaded: 0)
System memory in use before: 83.9 MB.
System memory in use after: 84.0 MB.

Unloading 14 unused Assets to reduce memory usage. Loaded Objects now: 2008.
Total: 2.593700 ms (FindLiveObjects: 0.209900 ms CreateObjectMapping: 0.052200 ms MarkObjects: 2.314500 ms  DeleteObjects: 0.015400 ms)

AssetImportParameters requested are different than current active one (requested -> active):
  custom:framework-win-MediaFoundation: 216162199b28c13a410421893ffa2e32 -> 
  custom:video-decoder-ogg-theora: a1e56fd34408186e4bbccfd4996cb3dc -> 
  custom:container-muxer-webm: aa71ff27fc2769a1b78a27578f13a17b -> 
  custom:container-demuxer-webm: 4f35f7cbe854078d1ac9338744f61a02 -> 
  custom:container-demuxer-ogg: 62fdf1f143b41e24485cea50d1cbac27 -> 
  custom:video-encoder-webm-vp8: eb34c28f22e8b96e1ab97ce403110664 -> 
  custom:video-decoder-webm-vp8: 9c59270c3fd7afecdb556c50c9e8de78 -> 
  custom:audio-decoder-ogg-vorbis: bf7c407c2cedff20999df2af8eb42d56 -> 
  custom:audio-encoder-webm-vorbis: bf7c407c2cedff20999df2af8eb42d56 -> 
========================================================================
Received Prepare
Registering precompiled user dll's ...
Registered in 0.002149 seconds.
Begin MonoManager ReloadAssembly
Native extension for WindowsStandalone target not found
Native extension for WebGL target not found
Refreshing native plugins compatible for Editor in 0.30 ms, found 2 plugins.
Preloading 0 native plugins for Editor in 0.00 ms.
Mono: successfully reloaded assembly
- Completed reload, in  0.754 seconds
Domain Reload Profiling:
	ReloadAssembly (754ms)
		BeginReloadAssembly (79ms)
			ExecutionOrderSort (0ms)
			DisableScriptedObjects (4ms)
			BackupInstance (0ms)
			ReleaseScriptingObjects (0ms)
			CreateAndSetChildDomain (25ms)
		EndReloadAssembly (628ms)
			LoadAssemblies (62ms)
			RebuildTransferFunctionScriptingTraits (0ms)
			SetupTypeCache (217ms)
			ReleaseScriptCaches (1ms)
			RebuildScriptCaches (34ms)
			SetupLoadedEditorAssemblies (231ms)
				LogAssemblyErrors (0ms)
				InitializePlatformSupportModulesInManaged (4ms)
				SetLoadedEditorAssemblies (0ms)
				RefreshPlugins (0ms)
				BeforeProcessingInitializeOnLoad (67ms)
				ProcessInitializeOnLoadAttributes (150ms)
				ProcessInitializeOnLoadMethodAttributes (7ms)
				AfterProcessingInitializeOnLoad (1ms)
				EditorAssembliesLoaded (0ms)
			ExecutionOrderSort2 (0ms)
			AwakeInstancesAfterBackupRestoration (6ms)
Platform modules already initialized, skipping
Refreshing native plugins compatible for Editor in 0.30 ms, found 2 plugins.
Preloading 0 native plugins for Editor in 0.00 ms.
Unloading 1492 Unused Serialized files (Serialized files now loaded: 0)
System memory in use before: 83.9 MB.
System memory in use after: 84.0 MB.

Unloading 14 unused Assets to reduce memory usage. Loaded Objects now: 2010.
Total: 2.574900 ms (FindLiveObjects: 0.144600 ms CreateObjectMapping: 0.036000 ms MarkObjects: 2.354800 ms  DeleteObjects: 0.038600 ms)

AssetImportParameters requested are different than current active one (requested -> active):
  custom:framework-win-MediaFoundation: 216162199b28c13a410421893ffa2e32 -> 
  custom:video-decoder-ogg-theora: a1e56fd34408186e4bbccfd4996cb3dc -> 
  custom:container-muxer-webm: aa71ff27fc2769a1b78a27578f13a17b -> 
  custom:container-demuxer-webm: 4f35f7cbe854078d1ac9338744f61a02 -> 
  custom:container-demuxer-ogg: 62fdf1f143b41e24485cea50d1cbac27 -> 
  custom:video-encoder-webm-vp8: eb34c28f22e8b96e1ab97ce403110664 -> 
  custom:video-decoder-webm-vp8: 9c59270c3fd7afecdb556c50c9e8de78 -> 
  custom:audio-decoder-ogg-vorbis: bf7c407c2cedff20999df2af8eb42d56 -> 
  custom:audio-encoder-webm-vorbis: bf7c407c2cedff20999df2af8eb42d56 -> 
========================================================================
Received Import Request.
  Time since last request: 803.080372 seconds.
  path: Assets/Realistic Swords/BaphometSword/Materials
  artifactKey: Guid(f7b640ea45a7189439fdd3cf111ec5cf) Importer(815301076,1909f56bfc062723c751e8b465ee728b)
Start importing Assets/Realistic Swords/BaphometSword/Materials using Guid(f7b640ea45a7189439fdd3cf111ec5cf) Importer(815301076,1909f56bfc062723c751e8b465ee728b)  -> (artifact id: '8e4a8424a5382ec96b214249a9a2afe8') in 0.008203 seconds 
  Import took 0.010507 seconds .

AssetImportWorkerClient::OnTransportError - code=2 error=End of file
